{"/media/jotas/Work1/REACT/todo-list/todo-list-test/src/components/Button.jsx": {"path":"/media/jotas/Work1/REACT/todo-list/todo-list-test/src/components/Button.jsx","statementMap":{"0":{"start":{"line":2,"column":22},"end":{"line":4,"column":2}}},"fnMap":{"0":{"name":"(anonymous_0)","decl":{"start":{"line":2,"column":22},"end":{"line":2,"column":24}},"loc":{"start":{"line":2,"column":45},"end":{"line":4,"column":2}}}},"branchMap":{},"s":{"0":3},"f":{"0":10},"b":{}}
,"/media/jotas/Work1/REACT/todo-list/todo-list-test/src/components/Input.jsx": {"path":"/media/jotas/Work1/REACT/todo-list/todo-list-test/src/components/Input.jsx","statementMap":{"0":{"start":{"line":5,"column":21},"end":{"line":17,"column":2}}},"fnMap":{"0":{"name":"(anonymous_0)","decl":{"start":{"line":5,"column":21},"end":{"line":5,"column":23}},"loc":{"start":{"line":5,"column":64},"end":{"line":17,"column":2}}}},"branchMap":{},"s":{"0":1},"f":{"0":2},"b":{}}
,"/media/jotas/Work1/REACT/todo-list/todo-list-test/src/components/OrderList.jsx": {"path":"/media/jotas/Work1/REACT/todo-list/todo-list-test/src/components/OrderList.jsx","statementMap":{"0":{"start":{"line":4,"column":25},"end":{"line":19,"column":2}},"1":{"start":{"line":11,"column":44},"end":{"line":11,"column":null}},"2":{"start":{"line":14,"column":48},"end":{"line":14,"column":74}}},"fnMap":{"0":{"name":"(anonymous_0)","decl":{"start":{"line":4,"column":25},"end":{"line":4,"column":27}},"loc":{"start":{"line":4,"column":61},"end":{"line":19,"column":2}}},"1":{"name":"(anonymous_2)","decl":{"start":{"line":11,"column":38},"end":{"line":11,"column":44}},"loc":{"start":{"line":11,"column":44},"end":{"line":11,"column":null}}},"2":{"name":"(anonymous_3)","decl":{"start":{"line":14,"column":42},"end":{"line":14,"column":48}},"loc":{"start":{"line":14,"column":48},"end":{"line":14,"column":74}}}},"branchMap":{"0":{"loc":{"start":{"line":8,"column":32},"end":{"line":8,"column":67}},"type":"cond-expr","locations":[{"start":{"line":8,"column":41},"end":{"line":8,"column":50}},{"start":{"line":8,"column":50},"end":{"line":8,"column":67}}]},"1":{"loc":{"start":{"line":12,"column":31},"end":{"line":12,"column":null}},"type":"cond-expr","locations":[{"start":{"line":12,"column":41},"end":{"line":12,"column":50}},{"start":{"line":12,"column":50},"end":{"line":12,"column":null}}]}},"s":{"0":1,"1":1,"2":1},"f":{"0":3,"1":1,"2":1},"b":{"0":[1,2],"1":[2,1]}}
,"/media/jotas/Work1/REACT/todo-list/todo-list-test/src/hooks/useTodoData.jsx": {"path":"/media/jotas/Work1/REACT/todo-list/todo-list-test/src/hooks/useTodoData.jsx","statementMap":{"0":{"start":{"line":3,"column":27},"end":{"line":40,"column":2}},"1":{"start":{"line":4,"column":42},"end":{"line":4,"column":null}},"2":{"start":{"line":5,"column":32},"end":{"line":5,"column":null}},"3":{"start":{"line":7,"column":24},"end":{"line":14,"column":null}},"4":{"start":{"line":8,"column":28},"end":{"line":8,"column":null}},"5":{"start":{"line":8,"column":52},"end":{"line":8,"column":null}},"6":{"start":{"line":9,"column":8},"end":{"line":11,"column":null}},"7":{"start":{"line":11,"column":34},"end":{"line":11,"column":null}},"8":{"start":{"line":12,"column":8},"end":{"line":12,"column":null}},"9":{"start":{"line":13,"column":8},"end":{"line":13,"column":null}},"10":{"start":{"line":16,"column":25},"end":{"line":19,"column":null}},"11":{"start":{"line":18,"column":8},"end":{"line":18,"column":null}},"12":{"start":{"line":21,"column":23},"end":{"line":26,"column":null}},"13":{"start":{"line":22,"column":29},"end":{"line":23,"column":null}},"14":{"start":{"line":23,"column":12},"end":{"line":23,"column":null}},"15":{"start":{"line":25,"column":8},"end":{"line":25,"column":null}},"16":{"start":{"line":28,"column":24},"end":{"line":31,"column":null}},"17":{"start":{"line":29,"column":30},"end":{"line":29,"column":null}},"18":{"start":{"line":29,"column":56},"end":{"line":29,"column":null}},"19":{"start":{"line":30,"column":8},"end":{"line":30,"column":null}},"20":{"start":{"line":32,"column":4},"end":{"line":39,"column":null}}},"fnMap":{"0":{"name":"(anonymous_0)","decl":{"start":{"line":3,"column":27},"end":{"line":3,"column":null}},"loc":{"start":{"line":3,"column":27},"end":{"line":40,"column":2}}},"1":{"name":"(anonymous_1)","decl":{"start":{"line":7,"column":24},"end":{"line":7,"column":null}},"loc":{"start":{"line":7,"column":24},"end":{"line":14,"column":null}}},"2":{"name":"(anonymous_2)","decl":{"start":{"line":8,"column":40},"end":{"line":8,"column":42}},"loc":{"start":{"line":8,"column":52},"end":{"line":8,"column":null}}},"3":{"name":"(anonymous_3)","decl":{"start":{"line":11,"column":22},"end":{"line":11,"column":24}},"loc":{"start":{"line":11,"column":34},"end":{"line":11,"column":null}}},"4":{"name":"(anonymous_4)","decl":{"start":{"line":16,"column":25},"end":{"line":16,"column":27}},"loc":{"start":{"line":16,"column":27},"end":{"line":19,"column":null}}},"5":{"name":"(anonymous_5)","decl":{"start":{"line":21,"column":23},"end":{"line":21,"column":25}},"loc":{"start":{"line":21,"column":25},"end":{"line":26,"column":null}}},"6":{"name":"(anonymous_6)","decl":{"start":{"line":22,"column":40},"end":{"line":22,"column":42}},"loc":{"start":{"line":23,"column":12},"end":{"line":23,"column":null}}},"7":{"name":"(anonymous_7)","decl":{"start":{"line":28,"column":24},"end":{"line":28,"column":26}},"loc":{"start":{"line":28,"column":26},"end":{"line":31,"column":null}}},"8":{"name":"(anonymous_8)","decl":{"start":{"line":29,"column":44},"end":{"line":29,"column":46}},"loc":{"start":{"line":29,"column":56},"end":{"line":29,"column":null}}}},"branchMap":{"0":{"loc":{"start":{"line":9,"column":8},"end":{"line":11,"column":null}},"type":"binary-expr","locations":[{"start":{"line":9,"column":8},"end":{"line":9,"column":null}},{"start":{"line":10,"column":12},"end":{"line":10,"column":null}},{"start":{"line":11,"column":12},"end":{"line":11,"column":null}}]},"1":{"loc":{"start":{"line":13,"column":8},"end":{"line":13,"column":null}},"type":"binary-expr","locations":[{"start":{"line":13,"column":8},"end":{"line":13,"column":23}},{"start":{"line":13,"column":23},"end":{"line":13,"column":null}}]},"2":{"loc":{"start":{"line":23,"column":12},"end":{"line":23,"column":null}},"type":"binary-expr","locations":[{"start":{"line":23,"column":12},"end":{"line":23,"column":38}},{"start":{"line":23,"column":38},"end":{"line":23,"column":null}}]}},"s":{"0":1,"1":23,"2":23,"3":23,"4":7,"5":3,"6":7,"7":6,"8":7,"9":7,"10":23,"11":8,"12":23,"13":1,"14":1,"15":1,"16":23,"17":1,"18":2,"19":1,"20":23},"f":{"0":23,"1":7,"2":3,"3":6,"4":8,"5":1,"6":1,"7":1,"8":2},"b":{"0":[7,7,6],"1":[7,1],"2":[1,1]}}
}
